<?xml version="1.0" encoding="UTF-8"?>
<?xml-stylesheet type="text/xsl" href="ivy-report.xsl"?>
<ivy-report version="1.0">
	<info
		organisation="progfun-forcomp"
		module="progfun-forcomp_2.9.2"
		revision="1.0.0"
		conf="test"
		confs="compile, runtime, test, provided, optional, compile-internal, runtime-internal, test-internal, plugin, sources, docs, pom"
		date="20121030141157"/>
	<dependencies>
		<module organisation="org.scalatest" name="scalatest_2.9.2">
			<revision name="1.8" status="release" pubdate="20120527221313" resolver="public" artresolver="public" homepage="http://www.scalatest.org" downloaded="false" searched="false" default="false" conf="default(compile), default, compile, runtime, master" position="1">
				<license name="the Apache License, ASL Version 2.0" url="http://www.apache.org/licenses/LICENSE-2.0"/>
				<metadata-artifact status="no" details="" size="4596" time="0" location="/Users/namotto/.ivy2/cache/org.scalatest/scalatest_2.9.2/ivy-1.8.xml" searched="false" origin-is-local="false" origin-location="http://repo1.maven.org/maven2/org/scalatest/scalatest_2.9.2/1.8/scalatest_2.9.2-1.8.pom"/>
				<caller organisation="progfun-forcomp" name="progfun-forcomp_2.9.2" conf="test, compile, runtime" rev="1.8" rev-constraint-default="1.8" rev-constraint-dynamic="1.8" callerrev="1.0.0"/>
				<artifacts>
					<artifact name="scalatest_2.9.2" type="jar" ext="jar" status="no" details="" size="3053035" time="0" location="/Users/namotto/.ivy2/cache/org.scalatest/scalatest_2.9.2/jars/scalatest_2.9.2-1.8.jar">
						<origin-location is-local="false" location="http://repo1.maven.org/maven2/org/scalatest/scalatest_2.9.2/1.8/scalatest_2.9.2-1.8.jar"/>
					</artifact>
				</artifacts>
			</revision>
		</module>
		<module organisation="junit" name="junit">
			<revision name="4.10" status="release" pubdate="20110929221223" resolver="public" artresolver="public" homepage="http://junit.org" downloaded="false" searched="false" default="false" conf="default(compile), default, compile, runtime, master" position="2">
				<license name="Common Public License Version 1.0" url="http://www.opensource.org/licenses/cpl1.0.txt"/>
				<metadata-artifact status="no" details="" size="2765" time="0" location="/Users/namotto/.ivy2/cache/junit/junit/ivy-4.10.xml" searched="false" origin-is-local="false" origin-location="http://repo1.maven.org/maven2/junit/junit/4.10/junit-4.10.pom"/>
				<caller organisation="progfun-forcomp" name="progfun-forcomp_2.9.2" conf="test, compile, runtime" rev="4.10" rev-constraint-default="4.10" rev-constraint-dynamic="4.10" callerrev="1.0.0"/>
				<artifacts>
					<artifact name="junit" type="jar" ext="jar" status="no" details="" size="253160" time="0" location="/Users/namotto/.ivy2/cache/junit/junit/jars/junit-4.10.jar">
						<origin-location is-local="false" location="http://repo1.maven.org/maven2/junit/junit/4.10/junit-4.10.jar"/>
					</artifact>
				</artifacts>
			</revision>
		</module>
		<module organisation="org.hamcrest" name="hamcrest-core">
			<revision name="1.1" status="release" pubdate="20070718221143" resolver="public" artresolver="public" homepage="" downloaded="false" searched="false" default="false" conf="compile, master(*), runtime, compile(*), runtime(*), master" position="3">
				<metadata-artifact status="no" details="" size="4534" time="0" location="/Users/namotto/.ivy2/cache/org.hamcrest/hamcrest-core/ivy-1.1.xml" searched="false" origin-is-local="false" origin-location="http://repo1.maven.org/maven2/org/hamcrest/hamcrest-core/1.1/hamcrest-core-1.1.pom"/>
				<caller organisation="junit" name="junit" conf="default, compile, runtime, master" rev="1.1" rev-constraint-default="1.1" rev-constraint-dynamic="1.1" callerrev="4.10"/>
				<artifacts>
					<artifact name="hamcrest-core" type="jar" ext="jar" status="no" details="" size="76643" time="0" location="/Users/namotto/.ivy2/cache/org.hamcrest/hamcrest-core/jars/hamcrest-core-1.1.jar">
						<origin-location is-local="false" location="http://repo1.maven.org/maven2/org/hamcrest/hamcrest-core/1.1/hamcrest-core-1.1.jar"/>
					</artifact>
				</artifacts>
			</revision>
		</module>
		<module organisation="org.scala-lang" name="scala-library">
			<revision name="2.9.2" status="release" pubdate="20120413152921" resolver="sbt-chain" artresolver="sbt-chain" homepage="http://www.scala-lang.org/" downloaded="false" searched="false" default="false" conf="default(compile), default, compile, master(*), compile(*), runtime, runtime(*), master" position="0">
				<license name="BSD-like" url="http://www.scala-lang.org/downloads/license.html          "/>
				<metadata-artifact status="no" details="" size="2391" time="0" location="/Users/namotto/.ivy2/cache/org.scala-lang/scala-library/ivy-2.9.2.xml" searched="false" origin-is-local="false" origin-location="http://repo1.maven.org/maven2/org/scala-lang/scala-library/2.9.2/scala-library-2.9.2.pom"/>
				<caller organisation="progfun-forcomp" name="progfun-forcomp_2.9.2" conf="test, compile, runtime" rev="2.9.2" rev-constraint-default="2.9.2" rev-constraint-dynamic="2.9.2" callerrev="1.0.0"/>
				<caller organisation="org.scalatest" name="scalatest_2.9.2" conf="default, compile, runtime, master" rev="2.9.2" rev-constraint-default="2.9.2" rev-constraint-dynamic="2.9.2" callerrev="1.8"/>
				<artifacts>
				</artifacts>
			</revision>
		</module>
	</dependencies>
</ivy-report>
