<?xml version="1.0" encoding="UTF-8"?>
<?xml-stylesheet type="text/xsl" href="ivy-report.xsl"?>
<ivy-report version="1.0">
	<info
		organisation="default"
		module="default-e5d3e5"
		revision="0.1-SNAPSHOT"
		extra-sbtVersion="0.12"
		extra-scalaVersion="2.9.2"
		conf="test"
		confs="compile, runtime, test, provided, optional, compile-internal, runtime-internal, test-internal, plugin, sources, docs, pom"
		date="20121102180639"/>
	<dependencies>
		<module organisation="default" name="default-00bcbb">
			<revision name="0.0" status="integration" pubdate="20121102180637" resolver="inter-project" artresolver="inter-project" extra-sbtVersion="0.12" extra-scalaVersion="2.9.2" downloaded="false" searched="false" default="false" conf="default(compile), compile" position="0">
				<metadata-artifact status="failed" details="" size="0" time="0" searched="false"/>
				<caller organisation="default" name="default-e5d3e5" conf="test, compile, runtime" rev="0.0" rev-constraint-default="0.0" rev-constraint-dynamic="0.0" callerrev="0.1-SNAPSHOT" extra-sbtVersion="0.12" extra-scalaVersion="2.9.2"/>
				<artifacts>
				</artifacts>
			</revision>
		</module>
		<module organisation="org.ensime" name="ensime-sbt-cmd">
			<revision name="0.1.0" status="release" pubdate="20120805021056" resolver="public" artresolver="public" homepage="http://github.com/aemoncannon/ensime-sbt-cmd" extra-sbtVersion="0.12" extra-scalaVersion="2.9.2" downloaded="false" searched="false" default="false" conf="default(compile), default, compile, runtime, master" position="1">
				<license name="BSD-style" url="http://www.opensource.org/licenses/bsd-license.php"/>
				<metadata-artifact status="no" details="" size="2886" time="0" location="/Users/namotto/.ivy2/cache/scala_2.9.2/sbt_0.12/org.ensime/ensime-sbt-cmd/ivy-0.1.0.xml" searched="false" origin-is-local="false" origin-location="http://repo1.maven.org/maven2/org/ensime/ensime-sbt-cmd_2.9.2_0.12/0.1.0/ensime-sbt-cmd-0.1.0.pom"/>
				<caller organisation="default" name="default-00bcbb" conf="compile" rev="0.1.0" rev-constraint-default="0.1.0" rev-constraint-dynamic="0.1.0" callerrev="0.0" extra-sbtVersion="0.12" extra-scalaVersion="2.9.2"/>
				<artifacts>
					<artifact name="ensime-sbt-cmd" type="jar" ext="jar" status="no" details="" size="125451" time="0" location="/Users/namotto/.ivy2/cache/scala_2.9.2/sbt_0.12/org.ensime/ensime-sbt-cmd/jars/ensime-sbt-cmd-0.1.0.jar">
						<origin-location is-local="false" location="http://repo1.maven.org/maven2/org/ensime/ensime-sbt-cmd_2.9.2_0.12/0.1.0/ensime-sbt-cmd-0.1.0.jar"/>
					</artifact>
				</artifacts>
			</revision>
		</module>
	</dependencies>
</ivy-report>
